Using pre-set license
Built from '2021.3/release' branch; Version is '2021.3.17f1 (3e8111cac19d) revision 4096273'; Using compiler version '192829333'; Build Type 'Release'
OS: 'Windows 10  (10.0.19045) 64bit Professional' Language: 'en' Physical Memory: 32541 MB
BatchMode: 1, IsHumanControllingUs: 0, StartBugReporterOnCrash: 0, Is64bit: 1, IsPro: 1

COMMAND LINE ARGUMENTS:
C:\Program Files\Unity\Hub\Editor\2021.3.17f1\Editor\Unity.exe
-adb2
-batchMode
-noUpm
-name
AssetImportWorker0
-projectPath
E:/TechnicalAnimation-Mini2
-logFile
Logs/AssetImportWorker0.log
-srvPort
51878
Successfully changed project path to: E:/TechnicalAnimation-Mini2
E:/TechnicalAnimation-Mini2
[UnityMemory] Configuration Parameters - Can be set up in boot.config
    "memorysetup-bucket-allocator-granularity=16"
    "memorysetup-bucket-allocator-bucket-count=8"
    "memorysetup-bucket-allocator-block-size=33554432"
    "memorysetup-bucket-allocator-block-count=8"
    "memorysetup-main-allocator-block-size=16777216"
    "memorysetup-thread-allocator-block-size=16777216"
    "memorysetup-gfx-main-allocator-block-size=16777216"
    "memorysetup-gfx-thread-allocator-block-size=16777216"
    "memorysetup-cache-allocator-block-size=4194304"
    "memorysetup-typetree-allocator-block-size=2097152"
    "memorysetup-profiler-bucket-allocator-granularity=16"
    "memorysetup-profiler-bucket-allocator-bucket-count=8"
    "memorysetup-profiler-bucket-allocator-block-size=33554432"
    "memorysetup-profiler-bucket-allocator-block-count=8"
    "memorysetup-profiler-allocator-block-size=16777216"
    "memorysetup-profiler-editor-allocator-block-size=1048576"
    "memorysetup-temp-allocator-size-main=16777216"
    "memorysetup-job-temp-allocator-block-size=2097152"
    "memorysetup-job-temp-allocator-block-size-background=1048576"
    "memorysetup-job-temp-allocator-reduction-small-platforms=262144"
    "memorysetup-temp-allocator-size-background-worker=32768"
    "memorysetup-temp-allocator-size-job-worker=262144"
    "memorysetup-temp-allocator-size-preload-manager=33554432"
    "memorysetup-temp-allocator-size-nav-mesh-worker=65536"
    "memorysetup-temp-allocator-size-audio-worker=65536"
    "memorysetup-temp-allocator-size-cloud-worker=32768"
    "memorysetup-temp-allocator-size-gi-baking-worker=262144"
    "memorysetup-temp-allocator-size-gfx=262144"
Player connection [20896] Host "[IP] 192.168.50.52 [Port] 0 [Flags] 2 [Guid] 3442115437 [EditorId] 3442115437 [Version] 1048832 [Id] WindowsEditor(7,DESKTOP-BSLR4A2) [Debug] 1 [PackageName] WindowsEditor [ProjectName] Editor" joined multi-casting on [225.0.0.222:54997]...

Player connection [20896] Host "[IP] 192.168.50.52 [Port] 0 [Flags] 2 [Guid] 3442115437 [EditorId] 3442115437 [Version] 1048832 [Id] WindowsEditor(7,DESKTOP-BSLR4A2) [Debug] 1 [PackageName] WindowsEditor [ProjectName] Editor" joined alternative multi-casting on [225.0.0.222:34997]...

Refreshing native plugins compatible for Editor in 76.70 ms, found 3 plugins.
Preloading 0 native plugins for Editor in 0.00 ms.
Initialize engine version: 2021.3.17f1 (3e8111cac19d)
[Subsystems] Discovering subsystems at path C:/Program Files/Unity/Hub/Editor/2021.3.17f1/Editor/Data/Resources/UnitySubsystems
[Subsystems] Discovering subsystems at path E:/TechnicalAnimation-Mini2/Assets
GfxDevice: creating device client; threaded=0; jobified=0
Direct3D:
    Version:  Direct3D 11.0 [level 11.1]
    Renderer: NVIDIA GeForce RTX 4090 (ID=0x2684)
    Vendor:   NVIDIA
    VRAM:     24156 MB
    Driver:   31.0.15.3118
Initialize mono
Mono path[0] = 'C:/Program Files/Unity/Hub/Editor/2021.3.17f1/Editor/Data/Managed'
Mono path[1] = 'C:/Program Files/Unity/Hub/Editor/2021.3.17f1/Editor/Data/MonoBleedingEdge/lib/mono/unityjit-win32'
Mono config path = 'C:/Program Files/Unity/Hub/Editor/2021.3.17f1/Editor/Data/MonoBleedingEdge/etc'
Using monoOptions --debugger-agent=transport=dt_socket,embedding=1,server=y,suspend=n,address=127.0.0.1:56400
Begin MonoManager ReloadAssembly
Registering precompiled unity dll's ...
Register platform support module: C:/Program Files/Unity/Hub/Editor/2021.3.17f1/Editor/Data/PlaybackEngines/WindowsStandaloneSupport/UnityEditor.WindowsStandalone.Extensions.dll
Register platform support module: C:/Program Files/Unity/Hub/Editor/2021.3.17f1/Editor/Data/PlaybackEngines/MetroSupport/UnityEditor.UWP.Extensions.dll
Registered in 0.007442 seconds.
Native extension for UWP target not found
Native extension for WindowsStandalone target not found
Refreshing native plugins compatible for Editor in 77.36 ms, found 3 plugins.
Preloading 0 native plugins for Editor in 0.00 ms.
Mono: successfully reloaded assembly
- Completed reload, in  0.552 seconds
Domain Reload Profiling:
	ReloadAssembly (553ms)
		BeginReloadAssembly (38ms)
			ExecutionOrderSort (0ms)
			DisableScriptedObjects (0ms)
			BackupInstance (0ms)
			ReleaseScriptingObjects (0ms)
			CreateAndSetChildDomain (0ms)
		EndReloadAssembly (414ms)
			LoadAssemblies (37ms)
			RebuildTransferFunctionScriptingTraits (0ms)
			SetupTypeCache (89ms)
			ReleaseScriptCaches (0ms)
			RebuildScriptCaches (25ms)
			SetupLoadedEditorAssemblies (254ms)
				LogAssemblyErrors (0ms)
				InitializePlatformSupportModulesInManaged (9ms)
				SetLoadedEditorAssemblies (0ms)
				RefreshPlugins (77ms)
				BeforeProcessingInitializeOnLoad (1ms)
				ProcessInitializeOnLoadAttributes (125ms)
				ProcessInitializeOnLoadMethodAttributes (41ms)
				AfterProcessingInitializeOnLoad (0ms)
				EditorAssembliesLoaded (0ms)
			ExecutionOrderSort2 (0ms)
			AwakeInstancesAfterBackupRestoration (0ms)
Platform modules already initialized, skipping
Registering precompiled user dll's ...
Registered in 0.003343 seconds.
Begin MonoManager ReloadAssembly
Symbol file LoadedFromMemory doesn't match image E:\TechnicalAnimation-Mini2\Library\PackageCache\com.unity.visualscripting@1.8.0\Editor\VisualScripting.Core\Dependencies\YamlDotNet\Unity.VisualScripting.YamlDotNet.dll
Symbol file LoadedFromMemory doesn't match image E:\TechnicalAnimation-Mini2\Library\PackageCache\com.unity.visualscripting@1.8.0\Editor\VisualScripting.Core\Dependencies\DotNetZip\Unity.VisualScripting.IonicZip.dll
Native extension for UWP target not found
Native extension for WindowsStandalone target not found
Refreshing native plugins compatible for Editor in 0.63 ms, found 3 plugins.
Preloading 0 native plugins for Editor in 0.00 ms.
Mono: successfully reloaded assembly
- Completed reload, in  1.025 seconds
Domain Reload Profiling:
	ReloadAssembly (1026ms)
		BeginReloadAssembly (82ms)
			ExecutionOrderSort (0ms)
			DisableScriptedObjects (5ms)
			BackupInstance (0ms)
			ReleaseScriptingObjects (0ms)
			CreateAndSetChildDomain (16ms)
		EndReloadAssembly (839ms)
			LoadAssemblies (56ms)
			RebuildTransferFunctionScriptingTraits (0ms)
			SetupTypeCache (227ms)
			ReleaseScriptCaches (0ms)
			RebuildScriptCaches (44ms)
			SetupLoadedEditorAssemblies (470ms)
				LogAssemblyErrors (0ms)
				InitializePlatformSupportModulesInManaged (6ms)
				SetLoadedEditorAssemblies (0ms)
				RefreshPlugins (1ms)
				BeforeProcessingInitializeOnLoad (88ms)
				ProcessInitializeOnLoadAttributes (345ms)
				ProcessInitializeOnLoadMethodAttributes (22ms)
				AfterProcessingInitializeOnLoad (8ms)
				EditorAssembliesLoaded (0ms)
			ExecutionOrderSort2 (0ms)
			AwakeInstancesAfterBackupRestoration (5ms)
Platform modules already initialized, skipping
========================================================================
Worker process is ready to serve import requests
Launched and connected shader compiler UnityShaderCompiler.exe after 0.03 seconds
Refreshing native plugins compatible for Editor in 0.47 ms, found 3 plugins.
Preloading 0 native plugins for Editor in 0.00 ms.
Unloading 3376 Unused Serialized files (Serialized files now loaded: 0)
Unloading 27 unused Assets / (113.4 KB). Loaded Objects now: 3833.
Memory consumption went from 115.7 MB to 115.5 MB.
Total: 2.251100 ms (FindLiveObjects: 0.169100 ms CreateObjectMapping: 0.040800 ms MarkObjects: 1.968700 ms  DeleteObjects: 0.072000 ms)

AssetImportParameters requested are different than current active one (requested -> active):
  custom:video-decoder-ogg-theora: a1e56fd34408186e4bbccfd4996cb3dc -> 
  custom:container-muxer-webm: aa71ff27fc2769a1b78a27578f13a17b -> 
  custom:container-demuxer-webm: 4f35f7cbe854078d1ac9338744f61a02 -> 
  custom:video-encoder-webm-vp8: eb34c28f22e8b96e1ab97ce403110664 -> 
  custom:audio-encoder-webm-vorbis: bf7c407c2cedff20999df2af8eb42d56 -> 
  custom:framework-win-MediaFoundation: 216162199b28c13a410421893ffa2e32 -> 
  custom:container-demuxer-ogg: 62fdf1f143b41e24485cea50d1cbac27 -> 
  custom:video-decoder-webm-vp8: 9c59270c3fd7afecdb556c50c9e8de78 -> 
  custom:audio-decoder-ogg-vorbis: bf7c407c2cedff20999df2af8eb42d56 -> 
========================================================================
Received Import Request.
  Time since last request: 221454.983128 seconds.
  path: Assets/Thirdparty/Ciathyza/Gridbox Prototype Materials/Demo/Prototype Materials Demo.unity
  artifactKey: Guid(735c40e4d7967d7458e6a4db48651d2a) Importer(815301076,1909f56bfc062723c751e8b465ee728b)
Start importing Assets/Thirdparty/Ciathyza/Gridbox Prototype Materials/Demo/Prototype Materials Demo.unity using Guid(735c40e4d7967d7458e6a4db48651d2a) Importer(815301076,1909f56bfc062723c751e8b465ee728b)  -> (artifact id: 'f3217827d28bc7b99fe48137ca5c52f1') in 0.006491 seconds 
========================================================================
Received Import Request.
  Time since last request: 10.221658 seconds.
  path: Assets/Thirdparty/Ciathyza/Gridbox Prototype Materials/Demo/Prototype Materials Demo
  artifactKey: Guid(3d252abe04c3e3543bf218f891408699) Importer(815301076,1909f56bfc062723c751e8b465ee728b)
Start importing Assets/Thirdparty/Ciathyza/Gridbox Prototype Materials/Demo/Prototype Materials Demo using Guid(3d252abe04c3e3543bf218f891408699) Importer(815301076,1909f56bfc062723c751e8b465ee728b)  -> (artifact id: 'ef5e25aab138919fbd43a7221feee89c') in 0.004000 seconds 
========================================================================
Received Import Request.
  Time since last request: 0.056090 seconds.
  path: Assets/Thirdparty/Ciathyza/Gridbox Prototype Materials/Demo/Prototype Materials Demo/Demo Lightmap Parameters.giparams
  artifactKey: Guid(c833c6a9a24b72f40ae6e54d900acae3) Importer(815301076,1909f56bfc062723c751e8b465ee728b)
Start importing Assets/Thirdparty/Ciathyza/Gridbox Prototype Materials/Demo/Prototype Materials Demo/Demo Lightmap Parameters.giparams using Guid(c833c6a9a24b72f40ae6e54d900acae3) Importer(815301076,1909f56bfc062723c751e8b465ee728b)  -> (artifact id: '5f53a9bc1d0bea86d29fc92e60f605af') in 0.023261 seconds 
========================================================================
Received Import Request.
  Time since last request: 0.000018 seconds.
  path: Assets/Thirdparty/Ciathyza/Gridbox Prototype Materials/Demo/Prototype Materials Demo/Neon Light.mat
  artifactKey: Guid(b234e1586ac9f524f8162eb03da23c35) Importer(815301076,1909f56bfc062723c751e8b465ee728b)
Start importing Assets/Thirdparty/Ciathyza/Gridbox Prototype Materials/Demo/Prototype Materials Demo/Neon Light.mat using Guid(b234e1586ac9f524f8162eb03da23c35) Importer(815301076,1909f56bfc062723c751e8b465ee728b)  -> (artifact id: 'c1ed06a4fb78fc7817691dbedd986751') in 0.186148 seconds 
========================================================================
Received Import Request.
  Time since last request: 3.929207 seconds.
  path: Assets/Thirdparty/Ciathyza/Gridbox Prototype Materials/Materials/HDRP
  artifactKey: Guid(b57a409b80fff1b4bbfdcdafcc3e4e17) Importer(815301076,1909f56bfc062723c751e8b465ee728b)
Start importing Assets/Thirdparty/Ciathyza/Gridbox Prototype Materials/Materials/HDRP using Guid(b57a409b80fff1b4bbfdcdafcc3e4e17) Importer(815301076,1909f56bfc062723c751e8b465ee728b)  -> (artifact id: '936c4314c8afd160910f3ab0628f515f') in 0.004860 seconds 
========================================================================
Received Import Request.
  Time since last request: 0.032206 seconds.
  path: Assets/Thirdparty/Ciathyza/Gridbox Prototype Materials/Materials/HDRP/Prototype_512x512_Blue1.mat
  artifactKey: Guid(0faf08228432a664cb2d46f4d1eee2b0) Importer(815301076,1909f56bfc062723c751e8b465ee728b)
Start importing Assets/Thirdparty/Ciathyza/Gridbox Prototype Materials/Materials/HDRP/Prototype_512x512_Blue1.mat using Guid(0faf08228432a664cb2d46f4d1eee2b0) Importer(815301076,1909f56bfc062723c751e8b465ee728b)  -> (artifact id: '0b1871aa89d19f3117bf5263beb306e3') in 0.024030 seconds 
========================================================================
Received Import Request.
  Time since last request: 0.000944 seconds.
  path: Assets/Thirdparty/Ciathyza/Gridbox Prototype Materials/Materials/HDRP/Prototype_512x512_Grey3.mat
  artifactKey: Guid(a66e312fee7fb6e469dec2f4daba4dcd) Importer(815301076,1909f56bfc062723c751e8b465ee728b)
Start importing Assets/Thirdparty/Ciathyza/Gridbox Prototype Materials/Materials/HDRP/Prototype_512x512_Grey3.mat using Guid(a66e312fee7fb6e469dec2f4daba4dcd) Importer(815301076,1909f56bfc062723c751e8b465ee728b)  -> (artifact id: '200cb4ab36feef4b7152477380e5923e') in 0.009293 seconds 
========================================================================
Received Import Request.
  Time since last request: 0.000016 seconds.
  path: Assets/Thirdparty/Ciathyza/Gridbox Prototype Materials/Materials/HDRP/Prototype_512x512_Purple.mat
  artifactKey: Guid(08ad40672f8bdd84c8231727ae06ba48) Importer(815301076,1909f56bfc062723c751e8b465ee728b)
Start importing Assets/Thirdparty/Ciathyza/Gridbox Prototype Materials/Materials/HDRP/Prototype_512x512_Purple.mat using Guid(08ad40672f8bdd84c8231727ae06ba48) Importer(815301076,1909f56bfc062723c751e8b465ee728b)  -> (artifact id: 'aa8c0da79eb9c84b36210b26afd4b496') in 0.008519 seconds 
========================================================================
Received Import Request.
  Time since last request: 0.000017 seconds.
  path: Assets/Thirdparty/Ciathyza/Gridbox Prototype Materials/Materials/HDRP/Prototype_512x512_Grey2.mat
  artifactKey: Guid(572218b186e96c648853f56156b07925) Importer(815301076,1909f56bfc062723c751e8b465ee728b)
Start importing Assets/Thirdparty/Ciathyza/Gridbox Prototype Materials/Materials/HDRP/Prototype_512x512_Grey2.mat using Guid(572218b186e96c648853f56156b07925) Importer(815301076,1909f56bfc062723c751e8b465ee728b)  -> (artifact id: '64664d751f202f3c5fba4906f5181b2b') in 0.008784 seconds 
========================================================================
Received Import Request.
  Time since last request: 0.000015 seconds.
  path: Assets/Thirdparty/Ciathyza/Gridbox Prototype Materials/Materials/HDRP/Prototype_512x512_Orange.mat
  artifactKey: Guid(7e6b6a154cd59634b8e06a92e338ba2c) Importer(815301076,1909f56bfc062723c751e8b465ee728b)
Start importing Assets/Thirdparty/Ciathyza/Gridbox Prototype Materials/Materials/HDRP/Prototype_512x512_Orange.mat using Guid(7e6b6a154cd59634b8e06a92e338ba2c) Importer(815301076,1909f56bfc062723c751e8b465ee728b)  -> (artifact id: '74f3f5ae08e62af8c0c1ff1615535922') in 0.007565 seconds 
========================================================================
Received Import Request.
  Time since last request: 0.000015 seconds.
  path: Assets/Thirdparty/Ciathyza/Gridbox Prototype Materials/Materials/HDRP/Prototype_512x512_Olive.mat
  artifactKey: Guid(a3b40d06620734d4fa8f4423d0f09692) Importer(815301076,1909f56bfc062723c751e8b465ee728b)
Start importing Assets/Thirdparty/Ciathyza/Gridbox Prototype Materials/Materials/HDRP/Prototype_512x512_Olive.mat using Guid(a3b40d06620734d4fa8f4423d0f09692) Importer(815301076,1909f56bfc062723c751e8b465ee728b)  -> (artifact id: 'e3a5b2eb97b33971014a152cca0505dd') in 0.008281 seconds 
========================================================================
Received Import Request.
  Time since last request: 0.000013 seconds.
  path: Assets/Thirdparty/Ciathyza/Gridbox Prototype Materials/Materials/HDRP/Prototype_512x512_Red.mat
  artifactKey: Guid(c61a55dba6ed64c4f8e865f32677062f) Importer(815301076,1909f56bfc062723c751e8b465ee728b)
Start importing Assets/Thirdparty/Ciathyza/Gridbox Prototype Materials/Materials/HDRP/Prototype_512x512_Red.mat using Guid(c61a55dba6ed64c4f8e865f32677062f) Importer(815301076,1909f56bfc062723c751e8b465ee728b)  -> (artifact id: 'cc3e62cef557ba4dda69aaf6c961d4f8') in 0.008079 seconds 
========================================================================
Received Import Request.
  Time since last request: 0.000014 seconds.
  path: Assets/Thirdparty/Ciathyza/Gridbox Prototype Materials/Materials/HDRP/Prototype_512x512_Cyan.mat
  artifactKey: Guid(853d20181ae88ba47b1084b10a15569b) Importer(815301076,1909f56bfc062723c751e8b465ee728b)
Start importing Assets/Thirdparty/Ciathyza/Gridbox Prototype Materials/Materials/HDRP/Prototype_512x512_Cyan.mat using Guid(853d20181ae88ba47b1084b10a15569b) Importer(815301076,1909f56bfc062723c751e8b465ee728b)  -> (artifact id: '6c2170c372f4ddef0b45652a40ad5001') in 0.010086 seconds 
========================================================================
Received Import Request.
  Time since last request: 0.000018 seconds.
  path: Assets/Thirdparty/Ciathyza/Gridbox Prototype Materials/Materials/HDRP/Prototype_512x512_Green2.mat
  artifactKey: Guid(35e2a03bbcc6739409a02bb46883d128) Importer(815301076,1909f56bfc062723c751e8b465ee728b)
Start importing Assets/Thirdparty/Ciathyza/Gridbox Prototype Materials/Materials/HDRP/Prototype_512x512_Green2.mat using Guid(35e2a03bbcc6739409a02bb46883d128) Importer(815301076,1909f56bfc062723c751e8b465ee728b)  -> (artifact id: '59bfda8494c588267a22d05055c3464f') in 0.008059 seconds 
========================================================================
Received Import Request.
  Time since last request: 0.000017 seconds.
  path: Assets/Thirdparty/Ciathyza/Gridbox Prototype Materials/Materials/HDRP/Prototype_512x512_Grey4.mat
  artifactKey: Guid(cd022c63e7c1c7f4e98c0083ed2bcf70) Importer(815301076,1909f56bfc062723c751e8b465ee728b)
Start importing Assets/Thirdparty/Ciathyza/Gridbox Prototype Materials/Materials/HDRP/Prototype_512x512_Grey4.mat using Guid(cd022c63e7c1c7f4e98c0083ed2bcf70) Importer(815301076,1909f56bfc062723c751e8b465ee728b)  -> (artifact id: 'cf373b705d2024dde360b694f948f66c') in 0.007556 seconds 
========================================================================
Received Import Request.
  Time since last request: 1.687100 seconds.
  path: Assets/Thirdparty/Ciathyza/Gridbox Prototype Materials/Materials/Standard/Prototype_512x512_Blue1.mat
  artifactKey: Guid(663834164c6a04740aaa1b778249ce7e) Importer(815301076,1909f56bfc062723c751e8b465ee728b)
Start importing Assets/Thirdparty/Ciathyza/Gridbox Prototype Materials/Materials/Standard/Prototype_512x512_Blue1.mat using Guid(663834164c6a04740aaa1b778249ce7e) Importer(815301076,1909f56bfc062723c751e8b465ee728b)  -> (artifact id: '5593855f861d10976b7095602ff03039') in 0.121239 seconds 
========================================================================
Received Import Request.
  Time since last request: 0.000016 seconds.
  path: Assets/Thirdparty/Ciathyza/Gridbox Prototype Materials/Materials/Standard/Prototype_512x512_Red.mat
  artifactKey: Guid(5a26de236ce89e94b963be8fa2b7ade6) Importer(815301076,1909f56bfc062723c751e8b465ee728b)
Start importing Assets/Thirdparty/Ciathyza/Gridbox Prototype Materials/Materials/Standard/Prototype_512x512_Red.mat using Guid(5a26de236ce89e94b963be8fa2b7ade6) Importer(815301076,1909f56bfc062723c751e8b465ee728b)  -> (artifact id: '18048dc12e97c1a842f18d5b3be7be8e') in 0.006495 seconds 
========================================================================
Received Import Request.
  Time since last request: 0.000017 seconds.
  path: Assets/Thirdparty/Ciathyza/Gridbox Prototype Materials/Materials/Standard/Prototype_512x512_Green3.mat
  artifactKey: Guid(f6298605825d7154f8923c76872aa46e) Importer(815301076,1909f56bfc062723c751e8b465ee728b)
Start importing Assets/Thirdparty/Ciathyza/Gridbox Prototype Materials/Materials/Standard/Prototype_512x512_Green3.mat using Guid(f6298605825d7154f8923c76872aa46e) Importer(815301076,1909f56bfc062723c751e8b465ee728b)  -> (artifact id: 'a2afa4b50e438d2851e81ac52ce9cff3') in 0.006746 seconds 
========================================================================
Received Import Request.
  Time since last request: 0.000012 seconds.
  path: Assets/Thirdparty/Ciathyza/Gridbox Prototype Materials/Materials/Standard/Prototype_512x512_Grey4.mat
  artifactKey: Guid(8d530ffe6c4968843806085897955b9d) Importer(815301076,1909f56bfc062723c751e8b465ee728b)
Start importing Assets/Thirdparty/Ciathyza/Gridbox Prototype Materials/Materials/Standard/Prototype_512x512_Grey4.mat using Guid(8d530ffe6c4968843806085897955b9d) Importer(815301076,1909f56bfc062723c751e8b465ee728b)  -> (artifact id: '143958ae786fd83af784e587fc48885a') in 0.007195 seconds 
========================================================================
Received Import Request.
  Time since last request: 0.000015 seconds.
  path: Assets/Thirdparty/Ciathyza/Gridbox Prototype Materials/Materials/Standard/Prototype_512x512_Green1.mat
  artifactKey: Guid(79f64ed6f5d6d374d91c3a0af4070258) Importer(815301076,1909f56bfc062723c751e8b465ee728b)
Start importing Assets/Thirdparty/Ciathyza/Gridbox Prototype Materials/Materials/Standard/Prototype_512x512_Green1.mat using Guid(79f64ed6f5d6d374d91c3a0af4070258) Importer(815301076,1909f56bfc062723c751e8b465ee728b)  -> (artifact id: 'ee8fd81531b7486ea95c2c7765836105') in 0.007154 seconds 
========================================================================
Received Import Request.
  Time since last request: 0.000017 seconds.
  path: Assets/Thirdparty/Ciathyza/Gridbox Prototype Materials/Materials/Standard/Prototype_512x512_Magenta.mat
  artifactKey: Guid(4b905f60df09c8245b6e0d5af2e04c7f) Importer(815301076,1909f56bfc062723c751e8b465ee728b)
Start importing Assets/Thirdparty/Ciathyza/Gridbox Prototype Materials/Materials/Standard/Prototype_512x512_Magenta.mat using Guid(4b905f60df09c8245b6e0d5af2e04c7f) Importer(815301076,1909f56bfc062723c751e8b465ee728b)  -> (artifact id: '5be74c9c2203120942eea2c86e08d903') in 0.007515 seconds 
========================================================================
Received Import Request.
  Time since last request: 0.000023 seconds.
  path: Assets/Thirdparty/Ciathyza/Gridbox Prototype Materials/Materials/Standard/Prototype_512x512_Orange.mat
  artifactKey: Guid(652107f36a28e44479c0b827dee5852a) Importer(815301076,1909f56bfc062723c751e8b465ee728b)
Start importing Assets/Thirdparty/Ciathyza/Gridbox Prototype Materials/Materials/Standard/Prototype_512x512_Orange.mat using Guid(652107f36a28e44479c0b827dee5852a) Importer(815301076,1909f56bfc062723c751e8b465ee728b)  -> (artifact id: '15f7fe64a2130f60fbd72d74142a3be3') in 0.007326 seconds 
========================================================================
Received Import Request.
  Time since last request: 0.000017 seconds.
  path: Assets/Thirdparty/Ciathyza/Gridbox Prototype Materials/Materials/Standard/Prototype_512x512_Green2.mat
  artifactKey: Guid(dbe80190c9adea34c8c8845ca4a17934) Importer(815301076,1909f56bfc062723c751e8b465ee728b)
Start importing Assets/Thirdparty/Ciathyza/Gridbox Prototype Materials/Materials/Standard/Prototype_512x512_Green2.mat using Guid(dbe80190c9adea34c8c8845ca4a17934) Importer(815301076,1909f56bfc062723c751e8b465ee728b)  -> (artifact id: '568bbeee2bf9b277c915968286b23ef3') in 0.007607 seconds 
========================================================================
Received Import Request.
  Time since last request: 0.000020 seconds.
  path: Assets/Thirdparty/Ciathyza/Gridbox Prototype Materials/Materials/Standard/Prototype_512x512_Purple.mat
  artifactKey: Guid(36bce9ab6cae8ce43962938466458044) Importer(815301076,1909f56bfc062723c751e8b465ee728b)
Start importing Assets/Thirdparty/Ciathyza/Gridbox Prototype Materials/Materials/Standard/Prototype_512x512_Purple.mat using Guid(36bce9ab6cae8ce43962938466458044) Importer(815301076,1909f56bfc062723c751e8b465ee728b)  -> (artifact id: '2db58271c9c922d2c0ee8a005a045f1f') in 0.008883 seconds 
========================================================================
Received Import Request.
  Time since last request: 0.000015 seconds.
  path: Assets/Thirdparty/Ciathyza/Gridbox Prototype Materials/Materials/Standard/Prototype_512x512_Brown.mat
  artifactKey: Guid(a54b7ad866d3a9b47bbf3b53baa0acc4) Importer(815301076,1909f56bfc062723c751e8b465ee728b)
Start importing Assets/Thirdparty/Ciathyza/Gridbox Prototype Materials/Materials/Standard/Prototype_512x512_Brown.mat using Guid(a54b7ad866d3a9b47bbf3b53baa0acc4) Importer(815301076,1909f56bfc062723c751e8b465ee728b)  -> (artifact id: 'fe3c4eb99b448384059c4cbe03827b9e') in 0.007957 seconds 
Editor requested this worker to shutdown with reason: Scaling down because of idle timeout
AssetImportWorker is now disconnected from the server
Process exiting
Exiting without the bug reporter. Application will terminate with return code 0